<?xml version="1.0" encoding="UTF-8"?>
<testng-results ignored="0" total="1" passed="1" failed="0" skipped="0">
  <reporter-output>
  </reporter-output>
  <suite started-at="2022-03-12T09:56:13 PST" name="Default suite" finished-at="2022-03-12T09:56:26 PST" duration-ms="12325">
    <groups>
    </groups>
    <test started-at="2022-03-12T09:56:13 PST" name="Default test" finished-at="2022-03-12T09:56:26 PST" duration-ms="12325">
      <class name="ProductStore">
        <test-method is-config="true" signature="startTesting()[pri:0, instance:ProductStore@7880cdf3]" started-at="2022-03-12T09:56:13 PST" name="startTesting" finished-at="2022-03-12T09:56:18 PST" duration-ms="4881" status="PASS">
          <reporter-output>
          </reporter-output>
        </test-method> <!-- startTesting -->
        <test-method signature="selectProducts()[pri:0, instance:ProductStore@7880cdf3]" started-at="2022-03-12T09:56:18 PST" name="selectProducts" finished-at="2022-03-12T09:56:25 PST" duration-ms="6708" status="PASS">
          <reporter-output>
          </reporter-output>
        </test-method> <!-- selectProducts -->
        <test-method is-config="true" signature="terminateBrowser()[pri:0, instance:ProductStore@7880cdf3]" started-at="2022-03-12T09:56:25 PST" name="terminateBrowser" finished-at="2022-03-12T09:56:26 PST" duration-ms="699" status="PASS">
          <reporter-output>
          </reporter-output>
        </test-method> <!-- terminateBrowser -->
      </class> <!-- ProductStore -->
    </test> <!-- Default test -->
  </suite> <!-- Default suite -->
</testng-results>
